<?xml version="1.0" encoding="UTF-8"?>
<testsuite xmlns:xsi="http://www.w3.org/2001/XMLSchema-instance" xsi:noNamespaceSchemaLocation="https://maven.apache.org/surefire/maven-surefire-plugin/xsd/surefire-test-report.xsd" version="3.0.2" name="com.upeu.producto.ProductoApplicationTests" time="14.755" tests="1" errors="0" skipped="0" failures="0" flakes="0">
  <properties>
[...]
</properties>
  <testcase name="contextLoads" classname="com.upeu.producto.ProductoApplicationTests" time="0.571">
    <system-out><![CDATA[22:37:28.469 [main] INFO org.springframework.test.context.support.AnnotationConfigContextLoaderUtils -- Could not detect default configuration classes for test class [com.upeu.producto.ProductoApplicationTests]: ProductoApplicationTests does not declare any static, non-private, non-final, nested classes annotated with @Configuration.
22:37:28.607 [main] INFO org.springframework.boot.test.context.SpringBootTestContextBootstrapper -- Found @SpringBootConfiguration com.upeu.producto.ProductoApplication for test class com.upeu.producto.ProductoApplicationTests
22:37:28.956 [main] INFO org.springframework.boot.devtools.restart.RestartApplicationListener -- Restart disabled due to context in which it is running

  .   ____          _            __ _ _
 /\\ / ___'_ __ _ _(_)_ __  __ _ \ \ \ \
( ( )\___ | '_ | '_| | '_ \/ _` | \ \ \ \
 \\/  ___)| |_)| | | | | || (_| |  ) ) ) )
  '  |____| .__|_| |_|_| |_\__, | / / / /
 =========|_|==============|___/=/_/_/_/

 :: Spring Boot ::               (v3.5.13)

2026-04-19T22:37:30.591-05:00  INFO 22688 --- [producto] [           main] c.u.producto.ProductoApplicationTests    : Starting ProductoApplicationTests using Java 21.0.10 with PID 22688 (started by User in D:\upeu\proyecto\ms\ProyectosMS2026\services\producto)
2026-04-19T22:37:30.598-05:00  INFO 22688 --- [producto] [           main] c.u.producto.ProductoApplicationTests    : The following 1 profile is active: "dev"
2026-04-19T22:37:30.705-05:00  INFO 22688 --- [producto] [           main] o.s.c.c.c.ConfigServerConfigDataLoader   : Fetching config from server at : http://localhost:7071
2026-04-19T22:37:30.705-05:00  INFO 22688 --- [producto] [           main] o.s.c.c.c.ConfigServerConfigDataLoader   : Located environment: name=producto, profiles=[default], label=null, version=null, state=null
2026-04-19T22:37:30.705-05:00  INFO 22688 --- [producto] [           main] o.s.c.c.c.ConfigServerConfigDataLoader   : Fetching config from server at : http://localhost:7071
2026-04-19T22:37:30.705-05:00  INFO 22688 --- [producto] [           main] o.s.c.c.c.ConfigServerConfigDataLoader   : Located environment: name=producto, profiles=[dev], label=null, version=null, state=null
2026-04-19T22:37:35.433-05:00  INFO 22688 --- [producto] [           main] .s.d.r.c.RepositoryConfigurationDelegate : Bootstrapping Spring Data JPA repositories in DEFAULT mode.
2026-04-19T22:37:35.612-05:00  INFO 22688 --- [producto] [           main] .s.d.r.c.RepositoryConfigurationDelegate : Finished Spring Data repository scanning in 161 ms. Found 1 JPA repository interface.
2026-04-19T22:37:35.935-05:00  INFO 22688 --- [producto] [           main] o.s.cloud.context.scope.GenericScope     : BeanFactory id=1ad2886a-2410-32e9-8524-5d2b00037be0
2026-04-19T22:37:36.337-05:00  INFO 22688 --- [producto] [           main] o.hibernate.jpa.internal.util.LogHelper  : HHH000204: Processing PersistenceUnitInfo [name: default]
2026-04-19T22:37:36.413-05:00  INFO 22688 --- [producto] [           main] org.hibernate.Version                    : HHH000412: Hibernate ORM core version 6.6.45.Final
2026-04-19T22:37:36.459-05:00  INFO 22688 --- [producto] [           main] o.h.c.internal.RegionFactoryInitiator    : HHH000026: Second-level cache disabled
2026-04-19T22:37:36.782-05:00  INFO 22688 --- [producto] [           main] o.s.o.j.p.SpringPersistenceUnitInfo      : No LoadTimeWeaver setup: ignoring JPA class transformer
2026-04-19T22:37:36.816-05:00  INFO 22688 --- [producto] [           main] com.zaxxer.hikari.HikariDataSource       : HikariPool-1 - Starting...
2026-04-19T22:37:37.025-05:00  INFO 22688 --- [producto] [           main] com.zaxxer.hikari.pool.HikariPool        : HikariPool-1 - Added connection com.mysql.cj.jdbc.ConnectionImpl@1e2c0292
2026-04-19T22:37:37.027-05:00  INFO 22688 --- [producto] [           main] com.zaxxer.hikari.HikariDataSource       : HikariPool-1 - Start completed.
2026-04-19T22:37:37.214-05:00  INFO 22688 --- [producto] [           main] org.hibernate.orm.connections.pooling    : HHH10001005: Database info:
	Database JDBC URL [Connecting through datasource 'HikariDataSource (HikariPool-1)']
	Database driver: undefined/unknown
	Database version: 8.4.8
	Autocommit mode: undefined/unknown
	Isolation level: undefined/unknown
	Minimum pool size: undefined/unknown
	Maximum pool size: undefined/unknown
2026-04-19T22:37:38.137-05:00  INFO 22688 --- [producto] [           main] o.h.e.t.j.p.i.JtaPlatformInitiator       : HHH000489: No JTA platform available (set 'hibernate.transaction.jta.platform' to enable JTA platform integration)
2026-04-19T22:37:39.473-05:00  INFO 22688 --- [producto] [           main] j.LocalContainerEntityManagerFactoryBean : Initialized JPA EntityManagerFactory for persistence unit 'default'
2026-04-19T22:37:40.012-05:00  WARN 22688 --- [producto] [           main] JpaBaseConfiguration$JpaWebConfiguration : spring.jpa.open-in-view is enabled by default. Therefore, database queries may be performed during view rendering. Explicitly configure spring.jpa.open-in-view to disable this warning
2026-04-19T22:37:41.384-05:00  INFO 22688 --- [producto] [           main] DiscoveryClientOptionalArgsConfiguration : Eureka HTTP Client uses RestTemplate.
2026-04-19T22:37:41.426-05:00  WARN 22688 --- [producto] [           main] iguration$LoadBalancerCaffeineWarnLogger : Spring Cloud LoadBalancer is currently working with the default cache. While this cache implementation is useful for development and tests, it's recommended to use Caffeine cache in production.You can switch to using Caffeine cache, by adding it and org.springframework.cache.caffeine.CaffeineCacheManager to the classpath.
2026-04-19T22:37:41.447-05:00  INFO 22688 --- [producto] [           main] o.s.b.a.e.web.EndpointLinksResolver      : Exposing 2 endpoints beneath base path '/actuator'
2026-04-19T22:37:41.529-05:00  INFO 22688 --- [producto] [           main] o.s.c.n.eureka.InstanceInfoFactory       : Setting initial instance status as: STARTING
2026-04-19T22:37:41.561-05:00  INFO 22688 --- [producto] [           main] com.netflix.discovery.DiscoveryClient    : Initializing Eureka in region us-east-1
2026-04-19T22:37:41.567-05:00  INFO 22688 --- [producto] [           main] c.n.d.s.r.aws.ConfigClusterResolver      : Resolving eureka endpoints via configuration
2026-04-19T22:37:41.578-05:00  INFO 22688 --- [producto] [           main] com.netflix.discovery.DiscoveryClient    : Disable delta property : false
2026-04-19T22:37:41.578-05:00  INFO 22688 --- [producto] [           main] com.netflix.discovery.DiscoveryClient    : Single vip registry refresh property : null
2026-04-19T22:37:41.579-05:00  INFO 22688 --- [producto] [           main] com.netflix.discovery.DiscoveryClient    : Force full registry fetch : false
2026-04-19T22:37:41.579-05:00  INFO 22688 --- [producto] [           main] com.netflix.discovery.DiscoveryClient    : Application is null : false
2026-04-19T22:37:41.579-05:00  INFO 22688 --- [producto] [           main] com.netflix.discovery.DiscoveryClient    : Registered Applications size is zero : true
2026-04-19T22:37:41.579-05:00  INFO 22688 --- [producto] [           main] com.netflix.discovery.DiscoveryClient    : Application version is -1: true
2026-04-19T22:37:41.579-05:00  INFO 22688 --- [producto] [           main] com.netflix.discovery.DiscoveryClient    : Getting all instance registry info from the eureka server
2026-04-19T22:37:42.235-05:00  INFO 22688 --- [producto] [           main] com.netflix.discovery.DiscoveryClient    : The response status is 200
2026-04-19T22:37:42.238-05:00  INFO 22688 --- [producto] [           main] com.netflix.discovery.DiscoveryClient    : Starting heartbeat executor: renew interval is: 30
2026-04-19T22:37:42.241-05:00  INFO 22688 --- [producto] [           main] c.n.discovery.InstanceInfoReplicator     : InstanceInfoReplicator onDemand update allowed rate per min is 4
2026-04-19T22:37:42.243-05:00  INFO 22688 --- [producto] [           main] com.netflix.discovery.DiscoveryClient    : Discovery Client initialized at timestamp 1776656262243 with initial instances count: 2
2026-04-19T22:37:42.247-05:00  INFO 22688 --- [producto] [           main] o.s.c.n.e.s.EurekaServiceRegistry        : Registering application PRODUCTO with eureka with status UP
2026-04-19T22:37:42.247-05:00  INFO 22688 --- [producto] [           main] com.netflix.discovery.DiscoveryClient    : Saw local status change event StatusChangeEvent [timestamp=1776656262247, current=UP, previous=STARTING]
2026-04-19T22:37:42.249-05:00  INFO 22688 --- [producto] [foReplicator-%d] com.netflix.discovery.DiscoveryClient    : DiscoveryClient_PRODUCTO/DESKTOP-MQ36L12.mshome.net:producto:9091: registering service...
2026-04-19T22:37:42.265-05:00  INFO 22688 --- [producto] [           main] c.u.producto.ProductoApplicationTests    : Started ProductoApplicationTests in 13.325 seconds (process running for 14.671)
2026-04-19T22:37:42.377-05:00  INFO 22688 --- [producto] [foReplicator-%d] com.netflix.discovery.DiscoveryClient    : DiscoveryClient_PRODUCTO/DESKTOP-MQ36L12.mshome.net:producto:9091 - registration status: 204
2026-04-19T22:37:42.443-05:00  WARN 22688 --- [producto] [           main] o.s.core.events.SpringDocAppInitializer  : SpringDoc /v3/api-docs endpoint is enabled by default. To disable it in production, set the property 'springdoc.api-docs.enabled=false'
2026-04-19T22:37:42.443-05:00  WARN 22688 --- [producto] [           main] o.s.core.events.SpringDocAppInitializer  : SpringDoc /swagger-ui.html endpoint is enabled by default. To disable it in production, set the property 'springdoc.swagger-ui.enabled=false'
]]></system-out>
    <system-err><![CDATA[Mockito is currently self-attaching to enable the inline-mock-maker. This will no longer work in future releases of the JDK. Please add Mockito as an agent to your build as described in Mockito's documentation: https://javadoc.io/doc/org.mockito/mockito-core/latest/org.mockito/org/mockito/Mockito.html#0.3
WARNING: A Java agent has been loaded dynamically (C:\Users\User\.m2\repository\net\bytebuddy\byte-buddy-agent\1.17.8\byte-buddy-agent-1.17.8.jar)
WARNING: If a serviceability tool is in use, please run with -XX:+EnableDynamicAgentLoading to hide this warning
WARNING: If a serviceability tool is not in use, please run with -Djdk.instrument.traceUsage for more information
WARNING: Dynamic loading of agents will be disallowed by default in a future release
]]></system-err>
  </testcase>
</testsuite>